<?xml version="1.0" encoding="UTF-8"?>
<!-- Generated by org.testng.reporters.JUnitReportReporter -->
<testsuite hostname="HP" name="com.ap.homepageTest.HomapageTest" tests="2" failures="0" timestamp="20 Mar 2017 15:24:42 GMT" time="5.708" errors="0">
  <testcase name="verifywomenTitle" time="3.829" classname="com.ap.homepageTest.HomapageTest"/>
  <testcase name="verifycontactPage" time="1.879" classname="com.ap.homepageTest.HomapageTest"/>
</testsuite> <!-- com.ap.homepageTest.HomapageTest -->
